<?xml version="1.0" encoding="UTF-8"?>
<!-- Generated by org.testng.reporters.JUnitXMLReporter -->
<testsuite ignored="0" hostname="LAPTOP-FL730MCA" failures="0" tests="3" name="Test" time="18.967" errors="0" timestamp="2020-08-26T21:21:53 PDT">
  <testcase classname="com.testCase.AdminTestCase" name="login" time="2.145"/>
  <testcase classname="com.testCase.LoginTestCase" name="login" time="2.372"/>
  <testcase classname="com.testCase.AdminTestCase" name="adminClick" time="1.736"/>
</testsuite> <!-- Test -->
