<?xml version="1.0" encoding="UTF-8"?>
<testng-results ignored="0" total="1" passed="1" failed="0" skipped="0">
  <reporter-output>
  </reporter-output>
  <suite started-at="2020-09-10T11:09:05 PDT" name="Default suite" finished-at="2020-09-10T11:09:26 PDT" duration-ms="20691">
    <groups>
    </groups>
    <test started-at="2020-09-10T11:09:05 PDT" name="Default test" finished-at="2020-09-10T11:09:26 PDT" duration-ms="20691">
      <class name="com.testCase.DBLoginTestCase">
        <test-method is-config="true" signature="stratUp()[pri:0, instance:com.testCase.DBLoginTestCase@6de30571]" started-at="2020-09-10T11:09:05 PDT" name="stratUp" finished-at="2020-09-10T11:09:16 PDT" duration-ms="10386" status="PASS">
          <reporter-output>
          </reporter-output>
        </test-method> <!-- stratUp -->
        <test-method signature="login()[pri:0, instance:com.testCase.DBLoginTestCase@6de30571]" started-at="2020-09-10T11:09:16 PDT" name="login" finished-at="2020-09-10T11:09:19 PDT" duration-ms="3255" status="PASS">
          <reporter-output>
          </reporter-output>
        </test-method> <!-- login -->
        <test-method is-config="true" signature="close()[pri:0, instance:com.testCase.DBLoginTestCase@6de30571]" started-at="2020-09-10T11:09:19 PDT" name="close" finished-at="2020-09-10T11:09:26 PDT" duration-ms="6661" status="PASS">
          <reporter-output>
          </reporter-output>
        </test-method> <!-- close -->
      </class> <!-- com.testCase.DBLoginTestCase -->
    </test> <!-- Default test -->
  </suite> <!-- Default suite -->
</testng-results>
